<?xml version="1.0" encoding="UTF-8"?>
<!-- Generated by org.testng.reporters.JUnitXMLReporter -->
<testsuite ignored="0" hostname="MSI" failures="0" tests="10" name="Default test" time="38.254" errors="0" timestamp="2023-02-22T13:57:04 IST">
  <testcase classname="TestNG.WebMathProject1" name="general" time="1.55"/>
  <testcase classname="TestNG.WebMathProject1" name="hyperlink" time="1.87"/>
  <testcase classname="TestNG.WebMathProject1" name="contactus" time="1.831"/>
  <testcase classname="TestNG.WebMathProject1" name="privacy" time="3.297"/>
  <testcase classname="TestNG.WebMathProject1" name="FAQs" time="7.081"/>
  <testcase classname="TestNG.WebMathProject1" name="Dropdown" time="4.459"/>
  <testcase classname="TestNG.WebMathProject1" name="submit" time="1.639"/>
  <testcase classname="TestNG.WebMathProject1" name="backToMath" time="1.049"/>
  <testcase classname="TestNG.WebMathProject1" name="otherstaff" time="2.169"/>
  <testcase classname="TestNG.WebMathProject1" name="Trig" time="3.75"/>
</testsuite> <!-- Default test -->
