<?xml version="1.0" encoding="UTF-8"?>
<testng-results ignored="0" total="10" passed="10" failed="0" skipped="0">
  <reporter-output>
  </reporter-output>
  <suite started-at="2023-02-22T13:56:26 IST" name="Default suite" finished-at="2023-02-22T13:57:04 IST" duration-ms="38254">
    <groups>
    </groups>
    <test started-at="2023-02-22T13:56:26 IST" name="Default test" finished-at="2023-02-22T13:57:04 IST" duration-ms="38254">
      <class name="TestNG.WebMathProject1">
        <test-method is-config="true" signature="LaunchUrl()[pri:0, instance:TestNG.WebMathProject1@5ffead27]" started-at="2023-02-22T13:56:26 IST" name="LaunchUrl" finished-at="2023-02-22T13:56:35 IST" duration-ms="9238" status="PASS">
          <reporter-output>
          </reporter-output>
        </test-method> <!-- LaunchUrl -->
        <test-method signature="general()[pri:1, instance:TestNG.WebMathProject1@5ffead27]" started-at="2023-02-22T13:56:35 IST" name="general" finished-at="2023-02-22T13:56:37 IST" duration-ms="1550" status="PASS">
          <reporter-output>
          </reporter-output>
        </test-method> <!-- general -->
        <test-method signature="hyperlink()[pri:2, instance:TestNG.WebMathProject1@5ffead27]" started-at="2023-02-22T13:56:37 IST" name="hyperlink" finished-at="2023-02-22T13:56:39 IST" duration-ms="1870" status="PASS">
          <reporter-output>
          </reporter-output>
        </test-method> <!-- hyperlink -->
        <test-method signature="contactus()[pri:3, instance:TestNG.WebMathProject1@5ffead27]" started-at="2023-02-22T13:56:39 IST" name="contactus" finished-at="2023-02-22T13:56:41 IST" duration-ms="1831" status="PASS">
          <reporter-output>
          </reporter-output>
        </test-method> <!-- contactus -->
        <test-method signature="privacy()[pri:4, instance:TestNG.WebMathProject1@5ffead27]" started-at="2023-02-22T13:56:41 IST" name="privacy" finished-at="2023-02-22T13:56:44 IST" duration-ms="3297" status="PASS">
          <reporter-output>
          </reporter-output>
        </test-method> <!-- privacy -->
        <test-method signature="FAQs()[pri:5, instance:TestNG.WebMathProject1@5ffead27]" started-at="2023-02-22T13:56:44 IST" name="FAQs" finished-at="2023-02-22T13:56:51 IST" duration-ms="7081" status="PASS">
          <reporter-output>
          </reporter-output>
        </test-method> <!-- FAQs -->
        <test-method signature="Dropdown()[pri:6, instance:TestNG.WebMathProject1@5ffead27]" started-at="2023-02-22T13:56:51 IST" name="Dropdown" finished-at="2023-02-22T13:56:55 IST" duration-ms="4459" status="PASS">
          <reporter-output>
          </reporter-output>
        </test-method> <!-- Dropdown -->
        <test-method signature="submit()[pri:7, instance:TestNG.WebMathProject1@5ffead27]" started-at="2023-02-22T13:56:55 IST" name="submit" finished-at="2023-02-22T13:56:57 IST" duration-ms="1639" status="PASS">
          <reporter-output>
          </reporter-output>
        </test-method> <!-- submit -->
        <test-method signature="backToMath()[pri:8, instance:TestNG.WebMathProject1@5ffead27]" started-at="2023-02-22T13:56:57 IST" name="backToMath" finished-at="2023-02-22T13:56:58 IST" duration-ms="1049" status="PASS">
          <reporter-output>
          </reporter-output>
        </test-method> <!-- backToMath -->
        <test-method signature="otherstaff()[pri:9, instance:TestNG.WebMathProject1@5ffead27]" started-at="2023-02-22T13:56:58 IST" name="otherstaff" finished-at="2023-02-22T13:57:00 IST" duration-ms="2169" status="PASS">
          <reporter-output>
          </reporter-output>
        </test-method> <!-- otherstaff -->
        <test-method signature="Trig()[pri:10, instance:TestNG.WebMathProject1@5ffead27]" started-at="2023-02-22T13:57:00 IST" name="Trig" finished-at="2023-02-22T13:57:04 IST" duration-ms="3750" status="PASS">
          <reporter-output>
          </reporter-output>
        </test-method> <!-- Trig -->
        <test-method is-config="true" signature="afterClass()[pri:0, instance:TestNG.WebMathProject1@5ffead27]" started-at="2023-02-22T13:57:04 IST" name="afterClass" finished-at="2023-02-22T13:57:04 IST" duration-ms="215" status="PASS">
          <reporter-output>
          </reporter-output>
        </test-method> <!-- afterClass -->
      </class> <!-- TestNG.WebMathProject1 -->
    </test> <!-- Default test -->
  </suite> <!-- Default suite -->
</testng-results>
